<?xml version="1.0" encoding="UTF-8"?>
<!-- Generated by org.testng.reporters.JUnitReportReporter -->
<testsuite hostname="Shriis_aid" failures="0" tests="8" name="com.zoho.show.test.ZohoShowTestcases" time="153.971" errors="0" timestamp="2024-10-17T15:50:01 IST" skipped="0">
  <testcase classname="com.zoho.show.test.ZohoShowTestcases" name="validateCustomSlideShow" time="16.415"/>
  <system-out/>
  <testcase classname="com.zoho.show.test.ZohoShowTestcases" name="validateOpenFile" time="19.669"/>
  <system-out/>
  <testcase classname="com.zoho.show.test.ZohoShowTestcases" name="resolveComment" time="31.555"/>
  <system-out/>
  <testcase classname="com.zoho.show.test.ZohoShowTestcases" name="validateDownloadDialog" time="12.963"/>
  <system-out/>
  <testcase classname="com.zoho.show.test.ZohoShowTestcases" name="validateHideShowSlideRightClick" time="21.359"/>
  <system-out/>
  <testcase classname="com.zoho.show.test.ZohoShowTestcases" name="validateAddCommentOption" time="13.374"/>
  <system-out/>
  <testcase classname="com.zoho.show.test.ZohoShowTestcases" name="validateMakeACopyInFile" time="20.316"/>
  <system-out/>
  <testcase classname="com.zoho.show.test.ZohoShowTestcases" name="validateDownloadDialog" time="18.320"/>
  <system-out/>
</testsuite> <!-- com.zoho.show.test.ZohoShowTestcases -->
